2022-06-20 19:43:26.919880 file : testfile2.hwp md5 Checksum : d7d8fbf3ce8e670998c5cea815e51689 Send file to broker, success
2022-06-20 19:43:27.294741 file : testfile2.hwp md5 Checksum : d7d8fbf3ce8e670998c5cea815e51689 Get file from Sender, success
2022-06-20 19:43:28.946468 file : testfile2.hwp md5 Checksum : d7d8fbf3ce8e670998c5cea815e51689 Send file to broker, success
2022-06-20 19:43:29.320897 file : testfile2.hwp md5 Checksum : d7d8fbf3ce8e670998c5cea815e51689 Send file to Receiver, success
2022-06-20 19:43:29.322885 file : testfile2.hwp md5 Checksum : d7d8fbf3ce8e670998c5cea815e51689 Get file from broker, success
2022-06-20 19:43:30.965191 file : testfile2.hwp md5 Checksum : d7d8fbf3ce8e670998c5cea815e51689 Send file to broker, success
2022-06-20 19:43:30.966191 file : testfile2.hwp md5 Checksum : d7d8fbf3ce8e670998c5cea815e51689 Get file from Sender, success
2022-06-20 19:43:32.988934 file : testfile2.hwp md5 Checksum : d7d8fbf3ce8e670998c5cea815e51689 Send file to Receiver, success
2022-06-20 19:43:32.989942 file : testfile2.hwp md5 Checksum : d7d8fbf3ce8e670998c5cea815e51689 Send file to broker, success
2022-06-20 19:43:35.011160 file : testfile2.hwp md5 Checksum : d7d8fbf3ce8e670998c5cea815e51689 Send file to broker, success
2022-06-20 19:43:35.012159 file : testfile2.hwp md5 Checksum : d7d8fbf3ce8e670998c5cea815e51689 Get file from Sender, success
2022-06-20 19:43:37.037237 file : testfile2.hwp md5 Checksum : d7d8fbf3ce8e670998c5cea815e51689 Send file to Receiver, success
2022-06-20 19:43:37.037237 file : testfile2.hwp md5 Checksum : d7d8fbf3ce8e670998c5cea815e51689 Send file to broker, success
2022-06-20 19:43:37.038230 file : testfile2.hwp md5 Checksum : d7d8fbf3ce8e670998c5cea815e51689 Get file from broker, success
2022-06-20 19:43:39.056421 file : testfile2.hwp md5 Checksum : d7d8fbf3ce8e670998c5cea815e51689 Send file to broker, success
2022-06-20 19:43:39.057425 file : testfile2.hwp md5 Checksum : d7d8fbf3ce8e670998c5cea815e51689 Get file from Sender, success
2022-06-20 19:43:41.077606 file : testfile2.hwp md5 Checksum : d7d8fbf3ce8e670998c5cea815e51689 Send file to Receiver, success
2022-06-20 19:43:41.078604 file : testfile2.hwp md5 Checksum : d7d8fbf3ce8e670998c5cea815e51689 Send file to broker, success
2022-06-20 19:43:43.094987 file : testfile2.hwp md5 Checksum : d7d8fbf3ce8e670998c5cea815e51689 Send file to broker, success
2022-06-20 19:43:43.096038 file : testfile2.hwp md5 Checksum : d7d8fbf3ce8e670998c5cea815e51689 Get file from Sender, success
2022-06-20 19:43:45.117973 file : testfile2.hwp md5 Checksum : d7d8fbf3ce8e670998c5cea815e51689 Send file to Receiver, success
2022-06-20 19:43:45.119980 file : testfile2.hwp md5 Checksum : d7d8fbf3ce8e670998c5cea815e51689 Get file from broker, success
2022-06-20 19:43:45.119980 file : testfile2.hwp md5 Checksum : d7d8fbf3ce8e670998c5cea815e51689 Send file to broker, success
2022-06-20 19:43:47.138765 file : testfile2.hwp md5 Checksum : d7d8fbf3ce8e670998c5cea815e51689 Send file to broker, success
2022-06-20 19:43:47.139763 file : testfile2.hwp md5 Checksum : d7d8fbf3ce8e670998c5cea815e51689 Get file from Sender, success
2022-06-20 19:43:49.152459 file : testfile2.hwp md5 Checksum : d7d8fbf3ce8e670998c5cea815e51689 Send file to broker, success
2022-06-20 19:43:49.166330 file : testfile2.hwp md5 Checksum : d7d8fbf3ce8e670998c5cea815e51689 Send file to Receiver, success
2022-06-20 19:43:51.183839 file : testfile2.hwp md5 Checksum : d7d8fbf3ce8e670998c5cea815e51689 Send file to broker, success
2022-06-20 19:43:51.184837 file : testfile2.hwp md5 Checksum : d7d8fbf3ce8e670998c5cea815e51689 Get file from Sender, success
2022-06-20 19:43:53.201555 file : testfile2.hwp md5 Checksum : d7d8fbf3ce8e670998c5cea815e51689 Send file to Receiver, success
2022-06-20 19:43:53.203461 file : testfile2.hwp md5 Checksum : d7d8fbf3ce8e670998c5cea815e51689 Get file from broker, success
2022-06-20 19:43:53.208462 file : testfile2.hwp md5 Checksum : d7d8fbf3ce8e670998c5cea815e51689 Send file to broker, success
2022-06-20 19:43:55.249152 file : testfile2.hwp md5 Checksum : d7d8fbf3ce8e670998c5cea815e51689 Send file to broker, success
2022-06-20 19:43:55.255447 file : testfile2.hwp md5 Checksum : d7d8fbf3ce8e670998c5cea815e51689 Get file from Sender, success
2022-06-20 19:43:57.269642 file : testfile2.hwp md5 Checksum : d7d8fbf3ce8e670998c5cea815e51689 Send file to broker, success
2022-06-20 19:43:57.283668 file : testfile2.hwp md5 Checksum : d7d8fbf3ce8e670998c5cea815e51689 Send file to Receiver, success
2022-06-20 19:43:59.287406 file : testfile2.hwp md5 Checksum : d7d8fbf3ce8e670998c5cea815e51689 Send file to broker, success
2022-06-20 19:43:59.293571 file : testfile2.hwp md5 Checksum : d7d8fbf3ce8e670998c5cea815e51689 Get file from Sender, success
2022-06-20 19:44:01.320536 file : testfile2.hwp md5 Checksum : d7d8fbf3ce8e670998c5cea815e51689 Send file to Receiver, success
2022-06-20 19:44:01.321545 file : testfile2.hwp md5 Checksum : d7d8fbf3ce8e670998c5cea815e51689 Get file from broker, success
2022-06-20 19:44:01.321545 file : testfile2.hwp md5 Checksum : d7d8fbf3ce8e670998c5cea815e51689 Send file to broker, success
2022-06-20 19:44:03.345431 file : testfile2.hwp md5 Checksum : d7d8fbf3ce8e670998c5cea815e51689 Send file to broker, success
2022-06-20 19:44:03.352547 file : testfile2.hwp md5 Checksum : d7d8fbf3ce8e670998c5cea815e51689 Get file from Sender, success
2022-06-20 19:44:05.371397 file : testfile2.hwp md5 Checksum : d7d8fbf3ce8e670998c5cea815e51689 Send file to Receiver, success
2022-06-20 19:44:05.373398 file : testfile2.hwp md5 Checksum : d7d8fbf3ce8e670998c5cea815e51689 Send file to broker, success
2022-06-20 19:44:07.394856 file : testfile2.hwp md5 Checksum : d7d8fbf3ce8e670998c5cea815e51689 Send file to broker, success
2022-06-20 19:44:07.399657 file : testfile2.hwp md5 Checksum : d7d8fbf3ce8e670998c5cea815e51689 Get file from Sender, success
2022-06-20 19:44:09.418894 file : testfile2.hwp md5 Checksum : d7d8fbf3ce8e670998c5cea815e51689 Send file to Receiver, success
2022-06-20 19:44:09.424908 file : testfile2.hwp md5 Checksum : d7d8fbf3ce8e670998c5cea815e51689 Get file from broker, success
2022-06-20 19:44:09.424908 file : testfile2.hwp md5 Checksum : d7d8fbf3ce8e670998c5cea815e51689 Send file to broker, success
2022-06-20 19:44:11.452007 file : testfile2.hwp md5 Checksum : d7d8fbf3ce8e670998c5cea815e51689 Send file to broker, success
2022-06-20 19:44:11.455005 file : testfile2.hwp md5 Checksum : d7d8fbf3ce8e670998c5cea815e51689 Get file from Sender, success
2022-06-20 19:44:13.467023 file : testfile2.hwp md5 Checksum : d7d8fbf3ce8e670998c5cea815e51689 Send file to Receiver, success
2022-06-20 19:44:13.469025 file : testfile2.hwp md5 Checksum : d7d8fbf3ce8e670998c5cea815e51689 Send file to broker, success
2022-06-20 19:44:15.489294 file : testfile2.hwp md5 Checksum : d7d8fbf3ce8e670998c5cea815e51689 Send file to broker, success
2022-06-20 19:44:15.493291 file : testfile2.hwp md5 Checksum : d7d8fbf3ce8e670998c5cea815e51689 Get file from Sender, success
2022-06-20 19:44:17.522317 file : testfile2.hwp md5 Checksum : d7d8fbf3ce8e670998c5cea815e51689 Send file to Receiver, success
2022-06-20 19:44:17.524324 file : testfile2.hwp md5 Checksum : d7d8fbf3ce8e670998c5cea815e51689 Get file from broker, success
2022-06-20 19:44:17.524324 file : testfile2.hwp md5 Checksum : d7d8fbf3ce8e670998c5cea815e51689 Send file to broker, success
2022-06-20 19:44:19.545531 file : testfile2.hwp md5 Checksum : d7d8fbf3ce8e670998c5cea815e51689 Send file to broker, success
2022-06-20 19:44:19.549601 file : testfile2.hwp md5 Checksum : d7d8fbf3ce8e670998c5cea815e51689 Get file from Sender, success
2022-06-20 19:44:21.571125 file : testfile2.hwp md5 Checksum : d7d8fbf3ce8e670998c5cea815e51689 Send file to Receiver, success
2022-06-20 19:44:21.573102 file : testfile2.hwp md5 Checksum : d7d8fbf3ce8e670998c5cea815e51689 Send file to broker, success
2022-06-20 19:44:23.594283 file : testfile2.hwp md5 Checksum : d7d8fbf3ce8e670998c5cea815e51689 Send file to broker, success
2022-06-20 19:44:23.596281 file : testfile2.hwp md5 Checksum : d7d8fbf3ce8e670998c5cea815e51689 Get file from Sender, success
2022-06-20 19:44:25.616307 file : testfile2.hwp md5 Checksum : d7d8fbf3ce8e670998c5cea815e51689 Send file to Receiver, success
2022-06-20 19:44:25.619259 file : testfile2.hwp md5 Checksum : d7d8fbf3ce8e670998c5cea815e51689 Send file to broker, success
2022-06-20 19:44:25.627260 file : testfile2.hwp md5 Checksum : d7d8fbf3ce8e670998c5cea815e51689 Get file from broker, success
2022-06-20 19:44:27.645439 file : testfile2.hwp md5 Checksum : d7d8fbf3ce8e670998c5cea815e51689 Send file to broker, success
2022-06-20 19:44:27.649424 file : testfile2.hwp md5 Checksum : d7d8fbf3ce8e670998c5cea815e51689 Get file from Sender, success
2022-06-20 19:44:29.665900 file : testfile2.hwp md5 Checksum : d7d8fbf3ce8e670998c5cea815e51689 Send file to broker, success
2022-06-20 19:44:29.679379 file : testfile2.hwp md5 Checksum : d7d8fbf3ce8e670998c5cea815e51689 Send file to Receiver, success
2022-06-20 19:44:31.696801 file : testfile2.hwp md5 Checksum : d7d8fbf3ce8e670998c5cea815e51689 Send file to broker, success
2022-06-20 19:44:31.700022 file : testfile2.hwp md5 Checksum : d7d8fbf3ce8e670998c5cea815e51689 Get file from Sender, success
2022-06-20 19:44:33.722863 file : testfile2.hwp md5 Checksum : d7d8fbf3ce8e670998c5cea815e51689 Send file to Receiver, success
2022-06-20 19:44:33.725870 file : testfile2.hwp md5 Checksum : d7d8fbf3ce8e670998c5cea815e51689 Send file to broker, success
2022-06-20 19:44:33.733106 file : testfile2.hwp md5 Checksum : d7d8fbf3ce8e670998c5cea815e51689 Get file from broker, success
2022-06-20 19:44:35.749089 file : testfile2.hwp md5 Checksum : d7d8fbf3ce8e670998c5cea815e51689 Send file to broker, success
2022-06-20 19:44:35.752086 file : testfile2.hwp md5 Checksum : d7d8fbf3ce8e670998c5cea815e51689 Get file from Sender, success
2022-06-20 19:44:37.768174 file : testfile2.hwp md5 Checksum : d7d8fbf3ce8e670998c5cea815e51689 Send file to Receiver, success
2022-06-20 19:44:37.770173 file : testfile2.hwp md5 Checksum : d7d8fbf3ce8e670998c5cea815e51689 Send file to broker, success
2022-06-20 19:44:39.796169 file : testfile2.hwp md5 Checksum : d7d8fbf3ce8e670998c5cea815e51689 Send file to broker, success
2022-06-20 19:44:39.799168 file : testfile2.hwp md5 Checksum : d7d8fbf3ce8e670998c5cea815e51689 Get file from Sender, success
2022-06-20 19:44:41.818179 file : testfile2.hwp md5 Checksum : d7d8fbf3ce8e670998c5cea815e51689 Send file to Receiver, success
2022-06-20 19:44:41.828177 file : testfile2.hwp md5 Checksum : d7d8fbf3ce8e670998c5cea815e51689 Send file to broker, success
2022-06-20 19:44:41.830176 file : testfile2.hwp md5 Checksum : d7d8fbf3ce8e670998c5cea815e51689 Get file from broker, success
2022-06-20 19:44:43.838814 file : testfile2.hwp md5 Checksum : d7d8fbf3ce8e670998c5cea815e51689 Send file to broker, success
2022-06-20 19:44:43.841815 file : testfile2.hwp md5 Checksum : d7d8fbf3ce8e670998c5cea815e51689 Get file from Sender, success
2022-06-20 19:44:45.857137 file : testfile2.hwp md5 Checksum : d7d8fbf3ce8e670998c5cea815e51689 Send file to broker, success
2022-06-20 19:44:45.871306 file : testfile2.hwp md5 Checksum : d7d8fbf3ce8e670998c5cea815e51689 Send file to Receiver, success
2022-06-20 19:44:47.882652 file : testfile2.hwp md5 Checksum : d7d8fbf3ce8e670998c5cea815e51689 Send file to broker, success
2022-06-20 19:44:47.885030 file : testfile2.hwp md5 Checksum : d7d8fbf3ce8e670998c5cea815e51689 Get file from Sender, success
2022-06-20 19:44:49.907438 file : testfile2.hwp md5 Checksum : d7d8fbf3ce8e670998c5cea815e51689 Send file to Receiver, success
2022-06-20 19:44:49.917337 file : testfile2.hwp md5 Checksum : d7d8fbf3ce8e670998c5cea815e51689 Get file from broker, success
2022-06-20 19:44:49.918337 file : testfile2.hwp md5 Checksum : d7d8fbf3ce8e670998c5cea815e51689 Send file to broker, success
2022-06-20 19:44:51.942100 file : testfile2.hwp md5 Checksum : d7d8fbf3ce8e670998c5cea815e51689 Send file to broker, success
2022-06-20 19:44:51.945098 file : testfile2.hwp md5 Checksum : d7d8fbf3ce8e670998c5cea815e51689 Get file from Sender, success
2022-06-20 19:44:53.967318 file : testfile2.hwp md5 Checksum : d7d8fbf3ce8e670998c5cea815e51689 Send file to Receiver, success
2022-06-20 19:44:53.970211 file : testfile2.hwp md5 Checksum : d7d8fbf3ce8e670998c5cea815e51689 Send file to broker, success
2022-06-20 19:44:55.983674 file : testfile2.hwp md5 Checksum : d7d8fbf3ce8e670998c5cea815e51689 Send file to broker, success
2022-06-20 19:44:55.986684 file : testfile2.hwp md5 Checksum : d7d8fbf3ce8e670998c5cea815e51689 Get file from Sender, success
2022-06-20 19:44:58.018821 file : testfile2.hwp md5 Checksum : d7d8fbf3ce8e670998c5cea815e51689 Send file to Receiver, success
2022-06-20 19:44:58.020818 file : testfile2.hwp md5 Checksum : d7d8fbf3ce8e670998c5cea815e51689 Send file to broker, success
2022-06-20 19:44:58.026816 file : testfile2.hwp md5 Checksum : d7d8fbf3ce8e670998c5cea815e51689 Get file from broker, success
2022-06-20 19:45:00.040518 file : testfile2.hwp md5 Checksum : d7d8fbf3ce8e670998c5cea815e51689 Send file to broker, success
2022-06-20 19:45:00.043513 file : testfile2.hwp md5 Checksum : d7d8fbf3ce8e670998c5cea815e51689 Get file from Sender, success
2022-06-20 19:45:02.056266 file : testfile2.hwp md5 Checksum : d7d8fbf3ce8e670998c5cea815e51689 Send file to Receiver, success
2022-06-20 19:45:02.058078 file : testfile2.hwp md5 Checksum : d7d8fbf3ce8e670998c5cea815e51689 Send file to broker, success
2022-06-20 19:45:04.084928 file : testfile2.hwp md5 Checksum : d7d8fbf3ce8e670998c5cea815e51689 Send file to broker, success
2022-06-20 19:45:04.088922 file : testfile2.hwp md5 Checksum : d7d8fbf3ce8e670998c5cea815e51689 Get file from Sender, success
2022-06-20 19:45:06.109800 file : testfile2.hwp md5 Checksum : d7d8fbf3ce8e670998c5cea815e51689 Send file to Receiver, success
2022-06-20 19:45:06.114800 file : testfile2.hwp md5 Checksum : d7d8fbf3ce8e670998c5cea815e51689 Send file to broker, success
2022-06-20 19:45:06.116802 file : testfile2.hwp md5 Checksum : d7d8fbf3ce8e670998c5cea815e51689 Get file from broker, success
2022-06-20 19:45:08.128289 file : testfile2.hwp md5 Checksum : d7d8fbf3ce8e670998c5cea815e51689 Send file to broker, success
2022-06-20 19:45:08.131274 file : testfile2.hwp md5 Checksum : d7d8fbf3ce8e670998c5cea815e51689 Get file from Sender, success
2022-06-20 19:45:10.143838 file : testfile2.hwp md5 Checksum : d7d8fbf3ce8e670998c5cea815e51689 Send file to Receiver, success
2022-06-20 19:45:10.145840 file : testfile2.hwp md5 Checksum : d7d8fbf3ce8e670998c5cea815e51689 Send file to broker, success
2022-06-20 19:45:12.173567 file : testfile2.hwp md5 Checksum : d7d8fbf3ce8e670998c5cea815e51689 Send file to broker, success
2022-06-20 19:45:12.177563 file : testfile2.hwp md5 Checksum : d7d8fbf3ce8e670998c5cea815e51689 Get file from Sender, success
2022-06-20 19:45:14.200037 file : testfile2.hwp md5 Checksum : d7d8fbf3ce8e670998c5cea815e51689 Send file to Receiver, success
2022-06-20 19:45:14.205023 file : testfile2.hwp md5 Checksum : d7d8fbf3ce8e670998c5cea815e51689 Send file to broker, success
2022-06-20 19:45:14.210566 file : testfile2.hwp md5 Checksum : d7d8fbf3ce8e670998c5cea815e51689 Get file from broker, success
2022-06-20 19:45:16.227463 file : testfile2.hwp md5 Checksum : d7d8fbf3ce8e670998c5cea815e51689 Send file to broker, success
2022-06-20 19:45:16.230466 file : testfile2.hwp md5 Checksum : d7d8fbf3ce8e670998c5cea815e51689 Get file from Sender, success
2022-06-20 19:45:18.246194 file : testfile2.hwp md5 Checksum : d7d8fbf3ce8e670998c5cea815e51689 Send file to Receiver, success
2022-06-20 19:45:18.248182 file : testfile2.hwp md5 Checksum : d7d8fbf3ce8e670998c5cea815e51689 Send file to broker, success
2022-06-20 19:45:20.269843 file : testfile2.hwp md5 Checksum : d7d8fbf3ce8e670998c5cea815e51689 Send file to broker, success
2022-06-20 19:45:20.271843 file : testfile2.hwp md5 Checksum : d7d8fbf3ce8e670998c5cea815e51689 Get file from Sender, success
2022-06-20 19:45:22.287464 file : testfile2.hwp md5 Checksum : d7d8fbf3ce8e670998c5cea815e51689 Send file to Receiver, success
2022-06-20 19:45:22.290469 file : testfile2.hwp md5 Checksum : d7d8fbf3ce8e670998c5cea815e51689 Send file to broker, success
2022-06-20 19:45:22.298464 file : testfile2.hwp md5 Checksum : d7d8fbf3ce8e670998c5cea815e51689 Get file from broker, success
2022-06-20 19:45:24.316491 file : testfile2.hwp md5 Checksum : d7d8fbf3ce8e670998c5cea815e51689 Send file to broker, success
2022-06-20 19:45:24.319434 file : testfile2.hwp md5 Checksum : d7d8fbf3ce8e670998c5cea815e51689 Get file from Sender, success
2022-06-20 19:45:26.336527 file : testfile2.hwp md5 Checksum : d7d8fbf3ce8e670998c5cea815e51689 Send file to Receiver, success
2022-06-20 19:45:26.339436 file : testfile2.hwp md5 Checksum : d7d8fbf3ce8e670998c5cea815e51689 Send file to broker, success
2022-06-20 19:45:28.358347 file : testfile2.hwp md5 Checksum : d7d8fbf3ce8e670998c5cea815e51689 Send file to broker, success
2022-06-20 19:45:28.361349 file : testfile2.hwp md5 Checksum : d7d8fbf3ce8e670998c5cea815e51689 Get file from Sender, success
2022-06-20 19:45:30.380332 file : testfile2.hwp md5 Checksum : d7d8fbf3ce8e670998c5cea815e51689 Send file to Receiver, success
2022-06-20 19:45:30.383562 file : testfile2.hwp md5 Checksum : d7d8fbf3ce8e670998c5cea815e51689 Send file to broker, success
2022-06-20 19:45:30.387562 file : testfile2.hwp md5 Checksum : d7d8fbf3ce8e670998c5cea815e51689 Get file from broker, success
2022-06-20 19:45:32.407379 file : testfile2.hwp md5 Checksum : d7d8fbf3ce8e670998c5cea815e51689 Send file to broker, success
2022-06-20 19:45:32.410015 file : testfile2.hwp md5 Checksum : d7d8fbf3ce8e670998c5cea815e51689 Get file from Sender, success
2022-06-20 19:45:34.429246 file : testfile2.hwp md5 Checksum : d7d8fbf3ce8e670998c5cea815e51689 Send file to Receiver, success
2022-06-20 19:45:34.431233 file : testfile2.hwp md5 Checksum : d7d8fbf3ce8e670998c5cea815e51689 Send file to broker, success
2022-06-20 19:45:36.447530 file : testfile2.hwp md5 Checksum : d7d8fbf3ce8e670998c5cea815e51689 Send file to broker, success
2022-06-20 19:45:36.450529 file : testfile2.hwp md5 Checksum : d7d8fbf3ce8e670998c5cea815e51689 Get file from Sender, success
2022-06-20 19:45:38.466483 file : testfile2.hwp md5 Checksum : d7d8fbf3ce8e670998c5cea815e51689 Send file to broker, success
2022-06-20 19:45:38.480075 file : testfile2.hwp md5 Checksum : d7d8fbf3ce8e670998c5cea815e51689 Send file to Receiver, success
2022-06-20 19:45:38.485086 file : testfile2.hwp md5 Checksum : d7d8fbf3ce8e670998c5cea815e51689 Get file from broker, success
2022-06-20 19:45:40.487788 file : testfile2.hwp md5 Checksum : d7d8fbf3ce8e670998c5cea815e51689 Send file to broker, success
2022-06-20 19:45:40.490786 file : testfile2.hwp md5 Checksum : d7d8fbf3ce8e670998c5cea815e51689 Get file from Sender, success
2022-06-20 19:45:42.509855 file : testfile2.hwp md5 Checksum : d7d8fbf3ce8e670998c5cea815e51689 Send file to Receiver, success
2022-06-20 19:45:42.511852 file : testfile2.hwp md5 Checksum : d7d8fbf3ce8e670998c5cea815e51689 Send file to broker, success
2022-06-20 19:45:44.538086 file : testfile2.hwp md5 Checksum : d7d8fbf3ce8e670998c5cea815e51689 Send file to broker, success
2022-06-20 19:45:44.542087 file : testfile2.hwp md5 Checksum : d7d8fbf3ce8e670998c5cea815e51689 Get file from Sender, success
2022-06-20 19:45:46.556955 file : testfile2.hwp md5 Checksum : d7d8fbf3ce8e670998c5cea815e51689 Send file to Receiver, success
2022-06-20 19:45:46.558930 file : testfile2.hwp md5 Checksum : d7d8fbf3ce8e670998c5cea815e51689 Send file to broker, success
2022-06-20 19:45:46.560929 file : testfile2.hwp md5 Checksum : d7d8fbf3ce8e670998c5cea815e51689 Get file from broker, success
2022-06-20 19:45:48.579904 file : testfile2.hwp md5 Checksum : d7d8fbf3ce8e670998c5cea815e51689 Send file to broker, success
2022-06-20 19:45:48.582905 file : testfile2.hwp md5 Checksum : d7d8fbf3ce8e670998c5cea815e51689 Get file from Sender, success
2022-06-20 19:45:50.598450 file : testfile2.hwp md5 Checksum : d7d8fbf3ce8e670998c5cea815e51689 Send file to broker, success
2022-06-20 19:45:50.644666 file : testfile2.hwp md5 Checksum : d7d8fbf3ce8e670998c5cea815e51689 Send file to Receiver, success
2022-06-20 19:45:52.618201 file : testfile2.hwp md5 Checksum : d7d8fbf3ce8e670998c5cea815e51689 Send file to broker, success
2022-06-20 19:45:52.621291 file : testfile2.hwp md5 Checksum : d7d8fbf3ce8e670998c5cea815e51689 Get file from Sender, success
2022-06-20 19:45:54.637831 file : testfile2.hwp md5 Checksum : d7d8fbf3ce8e670998c5cea815e51689 Send file to Receiver, success
2022-06-20 19:45:54.640831 file : testfile2.hwp md5 Checksum : d7d8fbf3ce8e670998c5cea815e51689 Send file to broker, success
2022-06-20 19:45:54.647057 file : testfile2.hwp md5 Checksum : d7d8fbf3ce8e670998c5cea815e51689 Get file from broker, success
2022-06-20 19:45:56.670258 file : testfile2.hwp md5 Checksum : d7d8fbf3ce8e670998c5cea815e51689 Send file to broker, success
2022-06-20 19:45:56.673248 file : testfile2.hwp md5 Checksum : d7d8fbf3ce8e670998c5cea815e51689 Get file from Sender, success
2022-06-20 19:45:58.689420 file : testfile2.hwp md5 Checksum : d7d8fbf3ce8e670998c5cea815e51689 Send file to Receiver, success
2022-06-20 19:45:58.691413 file : testfile2.hwp md5 Checksum : d7d8fbf3ce8e670998c5cea815e51689 Send file to broker, success
2022-06-20 19:46:00.720191 file : testfile2.hwp md5 Checksum : d7d8fbf3ce8e670998c5cea815e51689 Send file to broker, success
2022-06-20 19:46:00.722190 file : testfile2.hwp md5 Checksum : d7d8fbf3ce8e670998c5cea815e51689 Get file from Sender, success
2022-06-20 19:46:02.738920 file : testfile2.hwp md5 Checksum : d7d8fbf3ce8e670998c5cea815e51689 Send file to Receiver, success
2022-06-20 19:46:02.742888 file : testfile2.hwp md5 Checksum : d7d8fbf3ce8e670998c5cea815e51689 Send file to broker, success
2022-06-20 19:46:02.745889 file : testfile2.hwp md5 Checksum : d7d8fbf3ce8e670998c5cea815e51689 Get file from broker, success
2022-06-20 19:46:04.766202 file : testfile2.hwp md5 Checksum : d7d8fbf3ce8e670998c5cea815e51689 Send file to broker, success
2022-06-20 19:46:04.768202 file : testfile2.hwp md5 Checksum : d7d8fbf3ce8e670998c5cea815e51689 Get file from Sender, success
2022-06-20 19:46:06.789915 file : testfile2.hwp md5 Checksum : d7d8fbf3ce8e670998c5cea815e51689 Send file to Receiver, success
2022-06-20 19:46:06.795852 file : testfile2.hwp md5 Checksum : d7d8fbf3ce8e670998c5cea815e51689 Send file to broker, success
2022-06-20 19:46:08.820283 file : testfile2.hwp md5 Checksum : d7d8fbf3ce8e670998c5cea815e51689 Send file to broker, success
2022-06-20 19:46:08.823304 file : testfile2.hwp md5 Checksum : d7d8fbf3ce8e670998c5cea815e51689 Get file from Sender, success
2022-06-20 19:46:10.845777 file : testfile2.hwp md5 Checksum : d7d8fbf3ce8e670998c5cea815e51689 Send file to broker, success
2022-06-20 19:46:29.816880 Sender : file : testfile2.hwp md5 Checksum : d7d8fbf3ce8e670998c5cea815e51689 Send file to broker, success
2022-06-20 19:46:31.841876 Sender : file : testfile2.hwp md5 Checksum : d7d8fbf3ce8e670998c5cea815e51689 Send file to broker, success
2022-06-20 19:46:31.844867 Broker : file : testfile2.hwp md5 Checksum : d7d8fbf3ce8e670998c5cea815e51689 Get file from Sender, success
2022-06-20 19:46:33.868213 Broker : file : testfile2.hwp md5 Checksum : d7d8fbf3ce8e670998c5cea815e51689 Send file to Receiver, success
2022-06-20 19:46:33.868213 Sender : file : testfile2.hwp md5 Checksum : d7d8fbf3ce8e670998c5cea815e51689 Send file to broker, success
2022-06-20 19:46:33.870239 Receiver : file : testfile2.hwp md5 Checksum : d7d8fbf3ce8e670998c5cea815e51689 Get file from broker, success
2022-06-20 19:46:35.893120 Sender : file : testfile2.hwp md5 Checksum : d7d8fbf3ce8e670998c5cea815e51689 Send file to broker, success
2022-06-20 19:46:35.898130 Broker : file : testfile2.hwp md5 Checksum : d7d8fbf3ce8e670998c5cea815e51689 Get file from Sender, success
2022-06-20 19:46:37.922831 Broker : file : testfile2.hwp md5 Checksum : d7d8fbf3ce8e670998c5cea815e51689 Send file to Receiver, success
2022-06-20 19:46:37.923801 Sender : file : testfile2.hwp md5 Checksum : d7d8fbf3ce8e670998c5cea815e51689 Send file to broker, success
2022-06-20 19:46:39.947754 Sender : file : testfile2.hwp md5 Checksum : d7d8fbf3ce8e670998c5cea815e51689 Send file to broker, success
2022-06-20 19:46:39.950750 Broker : file : testfile2.hwp md5 Checksum : d7d8fbf3ce8e670998c5cea815e51689 Get file from Sender, success
2022-06-20 19:46:41.974665 Broker : file : testfile2.hwp md5 Checksum : d7d8fbf3ce8e670998c5cea815e51689 Send file to Receiver, success
2022-06-20 19:46:41.974665 Sender : file : testfile2.hwp md5 Checksum : d7d8fbf3ce8e670998c5cea815e51689 Send file to broker, success
2022-06-20 19:46:41.975654 Receiver : file : testfile2.hwp md5 Checksum : d7d8fbf3ce8e670998c5cea815e51689 Get file from broker, success
2022-06-20 19:46:43.994035 Sender : file : testfile2.hwp md5 Checksum : d7d8fbf3ce8e670998c5cea815e51689 Send file to broker, success
2022-06-20 19:46:43.997035 Broker : file : testfile2.hwp md5 Checksum : d7d8fbf3ce8e670998c5cea815e51689 Get file from Sender, success
2022-06-20 19:46:46.023753 Broker : file : testfile2.hwp md5 Checksum : d7d8fbf3ce8e670998c5cea815e51689 Send file to Receiver, success
2022-06-20 19:46:46.023753 Sender : file : testfile2.hwp md5 Checksum : d7d8fbf3ce8e670998c5cea815e51689 Send file to broker, success
2022-06-20 19:46:48.047013 Sender : file : testfile2.hwp md5 Checksum : d7d8fbf3ce8e670998c5cea815e51689 Send file to broker, success
2022-06-20 19:46:48.049958 Broker : file : testfile2.hwp md5 Checksum : d7d8fbf3ce8e670998c5cea815e51689 Get file from Sender, success
2022-06-20 19:46:50.065926 Broker : file : testfile2.hwp md5 Checksum : d7d8fbf3ce8e670998c5cea815e51689 Send file to Receiver, success
2022-06-20 19:46:50.066926 Receiver : file : testfile2.hwp md5 Checksum : d7d8fbf3ce8e670998c5cea815e51689 Get file from broker, success
2022-06-20 19:46:50.067932 Sender : file : testfile2.hwp md5 Checksum : d7d8fbf3ce8e670998c5cea815e51689 Send file to broker, success
2022-06-20 19:46:52.098478 Sender : file : testfile2.hwp md5 Checksum : d7d8fbf3ce8e670998c5cea815e51689 Send file to broker, success
2022-06-20 19:46:52.101485 Broker : file : testfile2.hwp md5 Checksum : d7d8fbf3ce8e670998c5cea815e51689 Get file from Sender, success
2022-06-20 19:46:54.124373 Broker : file : testfile2.hwp md5 Checksum : d7d8fbf3ce8e670998c5cea815e51689 Send file to Receiver, success
2022-06-20 19:46:54.126374 Sender : file : testfile2.hwp md5 Checksum : d7d8fbf3ce8e670998c5cea815e51689 Send file to broker, success
2022-06-20 19:46:56.140345 Sender : file : testfile2.hwp md5 Checksum : d7d8fbf3ce8e670998c5cea815e51689 Send file to broker, success
2022-06-20 19:46:56.143343 Broker : file : testfile2.hwp md5 Checksum : d7d8fbf3ce8e670998c5cea815e51689 Get file from Sender, success
2022-06-20 19:46:58.172586 Broker : file : testfile2.hwp md5 Checksum : d7d8fbf3ce8e670998c5cea815e51689 Send file to Receiver, success
2022-06-20 19:46:58.173591 Sender : file : testfile2.hwp md5 Checksum : d7d8fbf3ce8e670998c5cea815e51689 Send file to broker, success
2022-06-20 19:46:58.173591 Receiver : file : testfile2.hwp md5 Checksum : d7d8fbf3ce8e670998c5cea815e51689 Get file from broker, success
2022-06-20 19:47:00.195382 Sender : file : testfile2.hwp md5 Checksum : d7d8fbf3ce8e670998c5cea815e51689 Send file to broker, success
2022-06-20 19:47:00.198384 Broker : file : testfile2.hwp md5 Checksum : d7d8fbf3ce8e670998c5cea815e51689 Get file from Sender, success
2022-06-20 19:47:02.219936 Broker : file : testfile2.hwp md5 Checksum : d7d8fbf3ce8e670998c5cea815e51689 Send file to Receiver, success
2022-06-20 19:47:02.222936 Sender : file : testfile2.hwp md5 Checksum : d7d8fbf3ce8e670998c5cea815e51689 Send file to broker, success
2022-06-20 19:47:04.253417 Sender : file : testfile2.hwp md5 Checksum : d7d8fbf3ce8e670998c5cea815e51689 Send file to broker, success
2022-06-20 19:47:04.256417 Broker : file : testfile2.hwp md5 Checksum : d7d8fbf3ce8e670998c5cea815e51689 Get file from Sender, success
2022-06-20 19:47:06.274888 Sender : file : testfile2.hwp md5 Checksum : d7d8fbf3ce8e670998c5cea815e51689 Send file to broker, success
2022-06-20 19:47:06.288863 Broker : file : testfile2.hwp md5 Checksum : d7d8fbf3ce8e670998c5cea815e51689 Send file to Receiver, success
2022-06-20 19:47:06.289870 Receiver : file : testfile2.hwp md5 Checksum : d7d8fbf3ce8e670998c5cea815e51689 Get file from broker, success
2022-06-20 19:47:08.298378 Sender : file : testfile2.hwp md5 Checksum : d7d8fbf3ce8e670998c5cea815e51689 Send file to broker, success
2022-06-20 19:47:08.301029 Broker : file : testfile2.hwp md5 Checksum : d7d8fbf3ce8e670998c5cea815e51689 Get file from Sender, success
2022-06-20 19:47:10.316238 Broker : file : testfile2.hwp md5 Checksum : d7d8fbf3ce8e670998c5cea815e51689 Send file to Receiver, success
2022-06-20 19:47:10.317222 Sender : file : testfile2.hwp md5 Checksum : d7d8fbf3ce8e670998c5cea815e51689 Send file to broker, success
2022-06-20 19:47:12.338878 Sender : file : testfile2.hwp md5 Checksum : d7d8fbf3ce8e670998c5cea815e51689 Send file to broker, success
2022-06-20 19:47:12.342923 Broker : file : testfile2.hwp md5 Checksum : d7d8fbf3ce8e670998c5cea815e51689 Get file from Sender, success
2022-06-20 19:47:14.362429 Broker : file : testfile2.hwp md5 Checksum : d7d8fbf3ce8e670998c5cea815e51689 Send file to Receiver, success
2022-06-20 19:47:14.364399 Receiver : file : testfile2.hwp md5 Checksum : d7d8fbf3ce8e670998c5cea815e51689 Get file from broker, success
2022-06-20 19:47:14.364399 Sender : file : testfile2.hwp md5 Checksum : d7d8fbf3ce8e670998c5cea815e51689 Send file to broker, success
2022-06-20 19:47:16.379850 Sender : file : testfile2.hwp md5 Checksum : d7d8fbf3ce8e670998c5cea815e51689 Send file to broker, success
2022-06-20 19:47:16.382865 Broker : file : testfile2.hwp md5 Checksum : d7d8fbf3ce8e670998c5cea815e51689 Get file from Sender, success
2022-06-20 19:47:18.401987 Broker : file : testfile2.hwp md5 Checksum : d7d8fbf3ce8e670998c5cea815e51689 Send file to Receiver, success
2022-06-20 19:47:18.404987 Sender : file : testfile2.hwp md5 Checksum : d7d8fbf3ce8e670998c5cea815e51689 Send file to broker, success
2022-06-20 19:47:20.435676 Sender : file : testfile2.hwp md5 Checksum : d7d8fbf3ce8e670998c5cea815e51689 Send file to broker, success
2022-06-20 19:47:20.439143 Broker : file : testfile2.hwp md5 Checksum : d7d8fbf3ce8e670998c5cea815e51689 Get file from Sender, success
2022-06-20 19:47:22.457584 Broker : file : testfile2.hwp md5 Checksum : d7d8fbf3ce8e670998c5cea815e51689 Send file to Receiver, success
2022-06-20 19:47:22.458576 Receiver : file : testfile2.hwp md5 Checksum : d7d8fbf3ce8e670998c5cea815e51689 Get file from broker, success
2022-06-20 19:47:24.488446 Sender : file : testfile2.hwp md5 Checksum : d7d8fbf3ce8e670998c5cea815e51689 Send file to broker, success
2022-06-20 19:47:24.492115 Broker : file : testfile2.hwp md5 Checksum : d7d8fbf3ce8e670998c5cea815e51689 Get file from Sender, success
2022-06-20 19:47:26.504424 Sender : file : testfile2.hwp md5 Checksum : d7d8fbf3ce8e670998c5cea815e51689 Send file to broker, success
2022-06-20 19:47:26.518016 Broker : file : testfile2.hwp md5 Checksum : d7d8fbf3ce8e670998c5cea815e51689 Send file to Receiver, success
2022-06-20 19:47:28.530691 Sender : file : testfile2.hwp md5 Checksum : d7d8fbf3ce8e670998c5cea815e51689 Send file to broker, success
2022-06-20 19:47:28.533689 Broker : file : testfile2.hwp md5 Checksum : d7d8fbf3ce8e670998c5cea815e51689 Get file from Sender, success
2022-06-20 19:47:30.555090 Broker : file : testfile2.hwp md5 Checksum : d7d8fbf3ce8e670998c5cea815e51689 Send file to Receiver, success
2022-06-20 19:47:30.556092 Sender : file : testfile2.hwp md5 Checksum : d7d8fbf3ce8e670998c5cea815e51689 Send file to broker, success
2022-06-20 19:47:30.558089 Receiver : file : testfile2.hwp md5 Checksum : d7d8fbf3ce8e670998c5cea815e51689 Get file from broker, success
2022-06-20 19:47:32.582246 Sender : file : testfile2.hwp md5 Checksum : d7d8fbf3ce8e670998c5cea815e51689 Send file to broker, success
2022-06-20 19:47:32.585246 Broker : file : testfile2.hwp md5 Checksum : d7d8fbf3ce8e670998c5cea815e51689 Get file from Sender, success
2022-06-20 19:47:34.606620 Broker : file : testfile2.hwp md5 Checksum : d7d8fbf3ce8e670998c5cea815e51689 Send file to Receiver, success
2022-06-20 19:47:34.608613 Sender : file : testfile2.hwp md5 Checksum : d7d8fbf3ce8e670998c5cea815e51689 Send file to broker, success
2022-06-20 19:47:36.637583 Sender : file : testfile2.hwp md5 Checksum : d7d8fbf3ce8e670998c5cea815e51689 Send file to broker, success
2022-06-20 19:47:36.639631 Broker : file : testfile2.hwp md5 Checksum : d7d8fbf3ce8e670998c5cea815e51689 Get file from Sender, success
2022-06-20 19:47:38.653076 Sender : file : testfile2.hwp md5 Checksum : d7d8fbf3ce8e670998c5cea815e51689 Send file to broker, success
2022-06-20 19:47:38.666445 Broker : file : testfile2.hwp md5 Checksum : d7d8fbf3ce8e670998c5cea815e51689 Send file to Receiver, success
2022-06-20 19:47:38.671429 Receiver : file : testfile2.hwp md5 Checksum : d7d8fbf3ce8e670998c5cea815e51689 Get file from broker, success
2022-06-20 19:47:40.676256 Sender : file : testfile2.hwp md5 Checksum : d7d8fbf3ce8e670998c5cea815e51689 Send file to broker, success
2022-06-20 19:47:40.679263 Broker : file : testfile2.hwp md5 Checksum : d7d8fbf3ce8e670998c5cea815e51689 Get file from Sender, success
2022-06-20 19:47:42.694363 Broker : file : testfile2.hwp md5 Checksum : d7d8fbf3ce8e670998c5cea815e51689 Send file to Receiver, success
2022-06-20 19:47:42.695358 Sender : file : testfile2.hwp md5 Checksum : d7d8fbf3ce8e670998c5cea815e51689 Send file to broker, success
2022-06-20 19:47:44.717639 Sender : file : testfile2.hwp md5 Checksum : d7d8fbf3ce8e670998c5cea815e51689 Send file to broker, success
2022-06-20 19:47:44.724035 Broker : file : testfile2.hwp md5 Checksum : d7d8fbf3ce8e670998c5cea815e51689 Get file from Sender, success
2022-06-20 19:47:46.746755 Broker : file : testfile2.hwp md5 Checksum : d7d8fbf3ce8e670998c5cea815e51689 Send file to Receiver, success
2022-06-20 19:47:46.748758 Sender : file : testfile2.hwp md5 Checksum : d7d8fbf3ce8e670998c5cea815e51689 Send file to broker, success
2022-06-20 19:47:46.753746 Receiver : file : testfile2.hwp md5 Checksum : d7d8fbf3ce8e670998c5cea815e51689 Get file from broker, success
2022-06-20 19:47:48.772390 Sender : file : testfile2.hwp md5 Checksum : d7d8fbf3ce8e670998c5cea815e51689 Send file to broker, success
2022-06-20 19:47:48.775383 Broker : file : testfile2.hwp md5 Checksum : d7d8fbf3ce8e670998c5cea815e51689 Get file from Sender, success
2022-06-20 19:47:50.790830 Broker : file : testfile2.hwp md5 Checksum : d7d8fbf3ce8e670998c5cea815e51689 Send file to Receiver, success
2022-06-20 19:47:50.793830 Sender : file : testfile2.hwp md5 Checksum : d7d8fbf3ce8e670998c5cea815e51689 Send file to broker, success
2022-06-20 19:47:52.818976 Sender : file : testfile2.hwp md5 Checksum : d7d8fbf3ce8e670998c5cea815e51689 Send file to broker, success
2022-06-20 19:47:52.821997 Broker : file : testfile2.hwp md5 Checksum : d7d8fbf3ce8e670998c5cea815e51689 Get file from Sender, success
2022-06-20 19:47:54.841783 Sender : file : testfile2.hwp md5 Checksum : d7d8fbf3ce8e670998c5cea815e51689 Send file to broker, success
2022-06-20 19:47:54.854356 Broker : file : testfile2.hwp md5 Checksum : d7d8fbf3ce8e670998c5cea815e51689 Send file to Receiver, success
2022-06-20 19:47:54.860362 Receiver : file : testfile2.hwp md5 Checksum : d7d8fbf3ce8e670998c5cea815e51689 Get file from broker, success
2022-06-20 19:47:56.869533 Sender : file : testfile2.hwp md5 Checksum : d7d8fbf3ce8e670998c5cea815e51689 Send file to broker, success
2022-06-20 19:47:56.871534 Broker : file : testfile2.hwp md5 Checksum : d7d8fbf3ce8e670998c5cea815e51689 Get file from Sender, success
2022-06-20 19:47:58.884060 Broker : file : testfile2.hwp md5 Checksum : d7d8fbf3ce8e670998c5cea815e51689 Send file to Receiver, success
2022-06-20 19:47:58.885058 Sender : file : testfile2.hwp md5 Checksum : d7d8fbf3ce8e670998c5cea815e51689 Send file to broker, success
2022-06-20 19:48:00.910801 Sender : file : testfile2.hwp md5 Checksum : d7d8fbf3ce8e670998c5cea815e51689 Send file to broker, success
2022-06-20 19:48:00.915879 Broker : file : testfile2.hwp md5 Checksum : d7d8fbf3ce8e670998c5cea815e51689 Get file from Sender, success
2022-06-20 19:48:02.926407 Sender : file : testfile2.hwp md5 Checksum : d7d8fbf3ce8e670998c5cea815e51689 Send file to broker, success
2022-06-20 19:48:02.941060 Broker : file : testfile2.hwp md5 Checksum : d7d8fbf3ce8e670998c5cea815e51689 Send file to Receiver, success
2022-06-20 19:48:02.945079 Receiver : file : testfile2.hwp md5 Checksum : d7d8fbf3ce8e670998c5cea815e51689 Get file from broker, success
2022-06-20 19:48:04.957140 Sender : file : testfile2.hwp md5 Checksum : d7d8fbf3ce8e670998c5cea815e51689 Send file to broker, success
2022-06-20 19:48:04.960155 Broker : file : testfile2.hwp md5 Checksum : d7d8fbf3ce8e670998c5cea815e51689 Get file from Sender, success
2022-06-20 19:48:06.984220 Broker : file : testfile2.hwp md5 Checksum : d7d8fbf3ce8e670998c5cea815e51689 Send file to Receiver, success
2022-06-20 19:48:06.986220 Sender : file : testfile2.hwp md5 Checksum : d7d8fbf3ce8e670998c5cea815e51689 Send file to broker, success
2022-06-20 19:48:09.007060 Sender : file : testfile2.hwp md5 Checksum : d7d8fbf3ce8e670998c5cea815e51689 Send file to broker, success
2022-06-20 19:48:09.010059 Broker : file : testfile2.hwp md5 Checksum : d7d8fbf3ce8e670998c5cea815e51689 Get file from Sender, success
2022-06-20 19:48:11.026768 Broker : file : testfile2.hwp md5 Checksum : d7d8fbf3ce8e670998c5cea815e51689 Send file to Receiver, success
2022-06-20 19:48:11.028774 Sender : file : testfile2.hwp md5 Checksum : d7d8fbf3ce8e670998c5cea815e51689 Send file to broker, success
2022-06-20 19:48:11.035764 Receiver : file : testfile2.hwp md5 Checksum : d7d8fbf3ce8e670998c5cea815e51689 Get file from broker, success
2022-06-20 19:48:13.049629 Sender : file : testfile2.hwp md5 Checksum : d7d8fbf3ce8e670998c5cea815e51689 Send file to broker, success
2022-06-20 19:48:13.052616 Broker : file : testfile2.hwp md5 Checksum : d7d8fbf3ce8e670998c5cea815e51689 Get file from Sender, success
2022-06-20 19:48:15.065771 Broker : file : testfile2.hwp md5 Checksum : d7d8fbf3ce8e670998c5cea815e51689 Send file to Receiver, success
2022-06-20 19:48:15.067765 Sender : file : testfile2.hwp md5 Checksum : d7d8fbf3ce8e670998c5cea815e51689 Send file to broker, success
2022-06-20 19:48:17.092006 Sender : file : testfile2.hwp md5 Checksum : d7d8fbf3ce8e670998c5cea815e51689 Send file to broker, success
2022-06-20 19:48:17.095008 Broker : file : testfile2.hwp md5 Checksum : d7d8fbf3ce8e670998c5cea815e51689 Get file from Sender, success
2022-06-20 19:48:19.116261 Broker : file : testfile2.hwp md5 Checksum : d7d8fbf3ce8e670998c5cea815e51689 Send file to Receiver, success
2022-06-20 19:48:19.117253 Sender : file : testfile2.hwp md5 Checksum : d7d8fbf3ce8e670998c5cea815e51689 Send file to broker, success
2022-06-20 19:48:19.129751 Receiver : file : testfile2.hwp md5 Checksum : d7d8fbf3ce8e670998c5cea815e51689 Get file from broker, success
2022-06-20 19:48:21.142581 Sender : file : testfile2.hwp md5 Checksum : d7d8fbf3ce8e670998c5cea815e51689 Send file to broker, success
2022-06-20 19:48:21.147597 Broker : file : testfile2.hwp md5 Checksum : d7d8fbf3ce8e670998c5cea815e51689 Get file from Sender, success
2022-06-20 19:48:23.173851 Broker : file : testfile2.hwp md5 Checksum : d7d8fbf3ce8e670998c5cea815e51689 Send file to Receiver, success
2022-06-20 19:48:23.177844 Sender : file : testfile2.hwp md5 Checksum : d7d8fbf3ce8e670998c5cea815e51689 Send file to broker, success
2022-06-20 19:48:25.194650 Sender : file : testfile2.hwp md5 Checksum : d7d8fbf3ce8e670998c5cea815e51689 Send file to broker, success
2022-06-20 19:48:25.197645 Broker : file : testfile2.hwp md5 Checksum : d7d8fbf3ce8e670998c5cea815e51689 Get file from Sender, success
2022-06-20 19:48:27.217686 Sender : file : testfile2.hwp md5 Checksum : d7d8fbf3ce8e670998c5cea815e51689 Send file to broker, success
2022-06-20 19:48:27.232070 Broker : file : testfile2.hwp md5 Checksum : d7d8fbf3ce8e670998c5cea815e51689 Send file to Receiver, success
2022-06-20 19:48:27.236047 Receiver : file : testfile2.hwp md5 Checksum : d7d8fbf3ce8e670998c5cea815e51689 Get file from broker, success
2022-06-20 19:48:29.236704 Sender : file : testfile2.hwp md5 Checksum : d7d8fbf3ce8e670998c5cea815e51689 Send file to broker, success
2022-06-20 19:48:29.238704 Broker : file : testfile2.hwp md5 Checksum : d7d8fbf3ce8e670998c5cea815e51689 Get file from Sender, success
2022-06-20 19:48:31.261504 Broker : file : testfile2.hwp md5 Checksum : d7d8fbf3ce8e670998c5cea815e51689 Send file to Receiver, success
2022-06-20 19:48:31.263498 Sender : file : testfile2.hwp md5 Checksum : d7d8fbf3ce8e670998c5cea815e51689 Send file to broker, success
2022-06-20 19:48:33.282849 Sender : file : testfile2.hwp md5 Checksum : d7d8fbf3ce8e670998c5cea815e51689 Send file to broker, success
2022-06-20 19:48:33.285827 Broker : file : testfile2.hwp md5 Checksum : d7d8fbf3ce8e670998c5cea815e51689 Get file from Sender, success
2022-06-20 19:48:35.304470 Broker : file : testfile2.hwp md5 Checksum : d7d8fbf3ce8e670998c5cea815e51689 Send file to Receiver, success
2022-06-20 19:48:35.306471 Sender : file : testfile2.hwp md5 Checksum : d7d8fbf3ce8e670998c5cea815e51689 Send file to broker, success
2022-06-20 19:48:35.310466 Receiver : file : testfile2.hwp md5 Checksum : d7d8fbf3ce8e670998c5cea815e51689 Get file from broker, success
2022-06-20 19:48:37.333988 Sender : file : testfile2.hwp md5 Checksum : d7d8fbf3ce8e670998c5cea815e51689 Send file to broker, success
2022-06-20 19:48:37.336988 Broker : file : testfile2.hwp md5 Checksum : d7d8fbf3ce8e670998c5cea815e51689 Get file from Sender, success
2022-06-20 19:48:39.354511 Broker : file : testfile2.hwp md5 Checksum : d7d8fbf3ce8e670998c5cea815e51689 Send file to Receiver, success
2022-06-20 19:48:39.355478 Sender : file : testfile2.hwp md5 Checksum : d7d8fbf3ce8e670998c5cea815e51689 Send file to broker, success
2022-06-20 19:48:41.374059 Sender : file : testfile2.hwp md5 Checksum : d7d8fbf3ce8e670998c5cea815e51689 Send file to broker, success
2022-06-20 19:48:41.377057 Broker : file : testfile2.hwp md5 Checksum : d7d8fbf3ce8e670998c5cea815e51689 Get file from Sender, success
2022-06-20 19:48:43.408085 Broker : file : testfile2.hwp md5 Checksum : d7d8fbf3ce8e670998c5cea815e51689 Send file to Receiver, success
2022-06-20 19:48:43.410060 Sender : file : testfile2.hwp md5 Checksum : d7d8fbf3ce8e670998c5cea815e51689 Send file to broker, success
2022-06-20 19:48:43.417056 Receiver : file : testfile2.hwp md5 Checksum : d7d8fbf3ce8e670998c5cea815e51689 Get file from broker, success
2022-06-20 19:48:45.436575 Sender : file : testfile2.hwp md5 Checksum : d7d8fbf3ce8e670998c5cea815e51689 Send file to broker, success
2022-06-20 19:48:45.439572 Broker : file : testfile2.hwp md5 Checksum : d7d8fbf3ce8e670998c5cea815e51689 Get file from Sender, success
2022-06-20 19:48:47.462364 Broker : file : testfile2.hwp md5 Checksum : d7d8fbf3ce8e670998c5cea815e51689 Send file to Receiver, success
2022-06-20 19:48:47.464360 Sender : file : testfile2.hwp md5 Checksum : d7d8fbf3ce8e670998c5cea815e51689 Send file to broker, success
2022-06-20 19:48:49.487208 Sender : file : testfile2.hwp md5 Checksum : d7d8fbf3ce8e670998c5cea815e51689 Send file to broker, success
2022-06-20 19:48:49.491208 Broker : file : testfile2.hwp md5 Checksum : d7d8fbf3ce8e670998c5cea815e51689 Get file from Sender, success
2022-06-20 19:48:51.510840 Broker : file : testfile2.hwp md5 Checksum : d7d8fbf3ce8e670998c5cea815e51689 Send file to Receiver, success
2022-06-20 19:48:51.515821 Sender : file : testfile2.hwp md5 Checksum : d7d8fbf3ce8e670998c5cea815e51689 Send file to broker, success
2022-06-20 19:48:51.515821 Receiver : file : testfile2.hwp md5 Checksum : d7d8fbf3ce8e670998c5cea815e51689 Get file from broker, success
2022-06-20 19:48:53.533346 Sender : file : testfile2.hwp md5 Checksum : d7d8fbf3ce8e670998c5cea815e51689 Send file to broker, success
2022-06-20 19:48:53.535346 Broker : file : testfile2.hwp md5 Checksum : d7d8fbf3ce8e670998c5cea815e51689 Get file from Sender, success
2022-06-20 19:48:55.563675 Broker : file : testfile2.hwp md5 Checksum : d7d8fbf3ce8e670998c5cea815e51689 Send file to Receiver, success
2022-06-20 19:48:55.565670 Sender : file : testfile2.hwp md5 Checksum : d7d8fbf3ce8e670998c5cea815e51689 Send file to broker, success
2022-06-20 19:48:57.592015 Sender : file : testfile2.hwp md5 Checksum : d7d8fbf3ce8e670998c5cea815e51689 Send file to broker, success
2022-06-20 19:48:57.597014 Broker : file : testfile2.hwp md5 Checksum : d7d8fbf3ce8e670998c5cea815e51689 Get file from Sender, success
2022-06-20 19:48:59.618853 Broker : file : testfile2.hwp md5 Checksum : d7d8fbf3ce8e670998c5cea815e51689 Send file to Receiver, success
2022-06-20 19:48:59.621873 Sender : file : testfile2.hwp md5 Checksum : d7d8fbf3ce8e670998c5cea815e51689 Send file to broker, success
2022-06-20 19:48:59.625846 Receiver : file : testfile2.hwp md5 Checksum : d7d8fbf3ce8e670998c5cea815e51689 Get file from broker, success
2022-06-20 19:49:01.647593 Sender : file : testfile2.hwp md5 Checksum : d7d8fbf3ce8e670998c5cea815e51689 Send file to broker, success
2022-06-20 19:49:01.650593 Broker : file : testfile2.hwp md5 Checksum : d7d8fbf3ce8e670998c5cea815e51689 Get file from Sender, success
2022-06-20 19:49:03.667338 Broker : file : testfile2.hwp md5 Checksum : d7d8fbf3ce8e670998c5cea815e51689 Send file to Receiver, success
2022-06-20 19:49:03.668331 Sender : file : testfile2.hwp md5 Checksum : d7d8fbf3ce8e670998c5cea815e51689 Send file to broker, success
2022-06-20 19:49:05.683215 Sender : file : testfile2.hwp md5 Checksum : d7d8fbf3ce8e670998c5cea815e51689 Send file to broker, success
2022-06-20 19:49:05.688581 Broker : file : testfile2.hwp md5 Checksum : d7d8fbf3ce8e670998c5cea815e51689 Get file from Sender, success
2022-06-20 19:49:07.708434 Broker : file : testfile2.hwp md5 Checksum : d7d8fbf3ce8e670998c5cea815e51689 Send file to Receiver, success
2022-06-20 19:49:07.711433 Sender : file : testfile2.hwp md5 Checksum : d7d8fbf3ce8e670998c5cea815e51689 Send file to broker, success
2022-06-20 19:49:07.717433 Receiver : file : testfile2.hwp md5 Checksum : d7d8fbf3ce8e670998c5cea815e51689 Get file from broker, success
2022-06-20 19:49:09.740525 Sender : file : testfile2.hwp md5 Checksum : d7d8fbf3ce8e670998c5cea815e51689 Send file to broker, success
2022-06-20 19:49:09.743541 Broker : file : testfile2.hwp md5 Checksum : d7d8fbf3ce8e670998c5cea815e51689 Get file from Sender, success
2022-06-20 19:49:11.761514 Broker : file : testfile2.hwp md5 Checksum : d7d8fbf3ce8e670998c5cea815e51689 Send file to Receiver, success
2022-06-20 19:49:11.762507 Sender : file : testfile2.hwp md5 Checksum : d7d8fbf3ce8e670998c5cea815e51689 Send file to broker, success
2022-06-20 19:49:13.791601 Sender : file : testfile2.hwp md5 Checksum : d7d8fbf3ce8e670998c5cea815e51689 Send file to broker, success
2022-06-20 19:49:13.795610 Broker : file : testfile2.hwp md5 Checksum : d7d8fbf3ce8e670998c5cea815e51689 Get file from Sender, success
2022-06-20 19:49:15.807922 Sender : file : testfile2.hwp md5 Checksum : d7d8fbf3ce8e670998c5cea815e51689 Send file to broker, success
2022-06-20 19:49:15.821926 Broker : file : testfile2.hwp md5 Checksum : d7d8fbf3ce8e670998c5cea815e51689 Send file to Receiver, success
2022-06-20 19:49:15.826931 Receiver : file : testfile2.hwp md5 Checksum : d7d8fbf3ce8e670998c5cea815e51689 Get file from broker, success
2022-06-20 19:49:17.825673 Sender : file : testfile2.hwp md5 Checksum : d7d8fbf3ce8e670998c5cea815e51689 Send file to broker, success
2022-06-20 19:49:17.828686 Broker : file : testfile2.hwp md5 Checksum : d7d8fbf3ce8e670998c5cea815e51689 Get file from Sender, success
2022-06-20 19:49:19.852134 Broker : file : testfile2.hwp md5 Checksum : d7d8fbf3ce8e670998c5cea815e51689 Send file to Receiver, success
2022-06-20 19:49:19.855133 Sender : file : testfile2.hwp md5 Checksum : d7d8fbf3ce8e670998c5cea815e51689 Send file to broker, success
2022-06-20 19:49:21.881907 Sender : file : testfile2.hwp md5 Checksum : d7d8fbf3ce8e670998c5cea815e51689 Send file to broker, success
2022-06-20 19:49:21.885266 Broker : file : testfile2.hwp md5 Checksum : d7d8fbf3ce8e670998c5cea815e51689 Get file from Sender, success
2022-06-20 19:49:23.903920 Sender : file : testfile2.hwp md5 Checksum : d7d8fbf3ce8e670998c5cea815e51689 Send file to broker, success
2022-06-20 19:49:23.913903 Broker : file : testfile2.hwp md5 Checksum : d7d8fbf3ce8e670998c5cea815e51689 Send file to Receiver, success
2022-06-20 19:49:23.923904 Receiver : file : testfile2.hwp md5 Checksum : d7d8fbf3ce8e670998c5cea815e51689 Get file from broker, success
2022-06-20 19:49:25.928168 Sender : file : testfile2.hwp md5 Checksum : d7d8fbf3ce8e670998c5cea815e51689 Send file to broker, success
2022-06-20 19:49:25.930767 Broker : file : testfile2.hwp md5 Checksum : d7d8fbf3ce8e670998c5cea815e51689 Get file from Sender, success
2022-06-20 19:49:27.946734 Sender : file : testfile2.hwp md5 Checksum : d7d8fbf3ce8e670998c5cea815e51689 Send file to broker, success
2022-06-20 19:49:27.958476 Broker : file : testfile2.hwp md5 Checksum : d7d8fbf3ce8e670998c5cea815e51689 Send file to Receiver, success
2022-06-20 19:49:29.978817 Sender : file : testfile2.hwp md5 Checksum : d7d8fbf3ce8e670998c5cea815e51689 Send file to broker, success
2022-06-20 19:49:29.983453 Broker : file : testfile2.hwp md5 Checksum : d7d8fbf3ce8e670998c5cea815e51689 Get file from Sender, success
2022-06-20 19:49:32.003292 Broker : file : testfile2.hwp md5 Checksum : d7d8fbf3ce8e670998c5cea815e51689 Send file to Receiver, success
2022-06-20 19:49:32.008293 Sender : file : testfile2.hwp md5 Checksum : d7d8fbf3ce8e670998c5cea815e51689 Send file to broker, success
2022-06-20 19:49:32.011290 Receiver : file : testfile2.hwp md5 Checksum : d7d8fbf3ce8e670998c5cea815e51689 Get file from broker, success
2022-06-20 19:49:34.029729 Sender : file : testfile2.hwp md5 Checksum : d7d8fbf3ce8e670998c5cea815e51689 Send file to broker, success
2022-06-20 19:49:34.032729 Broker : file : testfile2.hwp md5 Checksum : d7d8fbf3ce8e670998c5cea815e51689 Get file from Sender, success
2022-06-20 19:49:36.053590 Sender : file : testfile2.hwp md5 Checksum : d7d8fbf3ce8e670998c5cea815e51689 Send file to broker, success
2022-06-20 19:49:36.067318 Broker : file : testfile2.hwp md5 Checksum : d7d8fbf3ce8e670998c5cea815e51689 Send file to Receiver, success
2022-06-20 19:49:38.074841 Sender : file : testfile2.hwp md5 Checksum : d7d8fbf3ce8e670998c5cea815e51689 Send file to broker, success
2022-06-20 19:49:38.078489 Broker : file : testfile2.hwp md5 Checksum : d7d8fbf3ce8e670998c5cea815e51689 Get file from Sender, success
2022-06-20 19:49:40.105251 Broker : file : testfile2.hwp md5 Checksum : d7d8fbf3ce8e670998c5cea815e51689 Send file to Receiver, success
2022-06-20 19:49:40.109246 Sender : file : testfile2.hwp md5 Checksum : d7d8fbf3ce8e670998c5cea815e51689 Send file to broker, success
2022-06-20 19:49:40.113247 Receiver : file : testfile2.hwp md5 Checksum : d7d8fbf3ce8e670998c5cea815e51689 Get file from broker, success
2022-06-20 19:49:42.134189 Sender : file : testfile2.hwp md5 Checksum : d7d8fbf3ce8e670998c5cea815e51689 Send file to broker, success
2022-06-20 19:49:42.140193 Broker : file : testfile2.hwp md5 Checksum : d7d8fbf3ce8e670998c5cea815e51689 Get file from Sender, success
2022-06-20 19:49:44.157614 Sender : file : testfile2.hwp md5 Checksum : d7d8fbf3ce8e670998c5cea815e51689 Send file to broker, success
2022-06-20 19:49:44.171440 Broker : file : testfile2.hwp md5 Checksum : d7d8fbf3ce8e670998c5cea815e51689 Send file to Receiver, success
2022-06-20 19:49:46.188354 Sender : file : testfile2.hwp md5 Checksum : d7d8fbf3ce8e670998c5cea815e51689 Send file to broker, success
2022-06-20 19:49:46.193345 Broker : file : testfile2.hwp md5 Checksum : d7d8fbf3ce8e670998c5cea815e51689 Get file from Sender, success
2022-06-20 19:49:48.206668 Broker : file : testfile2.hwp md5 Checksum : d7d8fbf3ce8e670998c5cea815e51689 Send file to Receiver, success
2022-06-20 19:49:48.208663 Sender : file : testfile2.hwp md5 Checksum : d7d8fbf3ce8e670998c5cea815e51689 Send file to broker, success
2022-06-20 19:49:48.214663 Receiver : file : testfile2.hwp md5 Checksum : d7d8fbf3ce8e670998c5cea815e51689 Get file from broker, success
2022-06-20 19:49:50.242268 Sender : file : testfile2.hwp md5 Checksum : d7d8fbf3ce8e670998c5cea815e51689 Send file to broker, success
2022-06-20 19:49:50.250270 Broker : file : testfile2.hwp md5 Checksum : d7d8fbf3ce8e670998c5cea815e51689 Get file from Sender, success
2022-06-20 19:49:52.261596 Sender : file : testfile2.hwp md5 Checksum : d7d8fbf3ce8e670998c5cea815e51689 Send file to broker, success
2022-06-20 19:49:52.276597 Broker : file : testfile2.hwp md5 Checksum : d7d8fbf3ce8e670998c5cea815e51689 Send file to Receiver, success
2022-06-20 19:49:54.290347 Sender : file : testfile2.hwp md5 Checksum : d7d8fbf3ce8e670998c5cea815e51689 Send file to broker, success
2022-06-20 19:49:54.295388 Broker : file : testfile2.hwp md5 Checksum : d7d8fbf3ce8e670998c5cea815e51689 Get file from Sender, success
2022-06-20 19:49:56.313839 Broker : file : testfile2.hwp md5 Checksum : d7d8fbf3ce8e670998c5cea815e51689 Send file to Receiver, success
2022-06-20 19:49:56.317818 Sender : file : testfile2.hwp md5 Checksum : d7d8fbf3ce8e670998c5cea815e51689 Send file to broker, success
2022-06-20 19:49:56.322831 Receiver : file : testfile2.hwp md5 Checksum : d7d8fbf3ce8e670998c5cea815e51689 Get file from broker, success
2022-06-20 19:49:58.336611 Sender : file : testfile2.hwp md5 Checksum : d7d8fbf3ce8e670998c5cea815e51689 Send file to broker, success
2022-06-20 19:49:58.339610 Broker : file : testfile2.hwp md5 Checksum : d7d8fbf3ce8e670998c5cea815e51689 Get file from Sender, success
2022-06-20 19:50:00.355730 Broker : file : testfile2.hwp md5 Checksum : d7d8fbf3ce8e670998c5cea815e51689 Send file to Receiver, success
2022-06-20 19:50:00.357728 Sender : file : testfile2.hwp md5 Checksum : d7d8fbf3ce8e670998c5cea815e51689 Send file to broker, success
2022-06-20 19:50:02.377041 Sender : file : testfile2.hwp md5 Checksum : d7d8fbf3ce8e670998c5cea815e51689 Send file to broker, success
2022-06-20 19:50:02.379523 Broker : file : testfile2.hwp md5 Checksum : d7d8fbf3ce8e670998c5cea815e51689 Get file from Sender, success
2022-06-20 19:50:04.401235 Broker : file : testfile2.hwp md5 Checksum : d7d8fbf3ce8e670998c5cea815e51689 Send file to Receiver, success
2022-06-20 19:50:04.405239 Sender : file : testfile2.hwp md5 Checksum : d7d8fbf3ce8e670998c5cea815e51689 Send file to broker, success
2022-06-20 19:50:04.408225 Receiver : file : testfile2.hwp md5 Checksum : d7d8fbf3ce8e670998c5cea815e51689 Get file from broker, success
